<?xml version="1.0" encoding="UTF-8" standalone="yes"?>
<ns2:test-suite start="1585350247779" stop="1585350280058" version="1.5.4" xmlns:ns2="urn:model.allure.qatools.yandex.ru">
    <name>Default Suite : FinalProject</name>
    <title>Default Suite : FinalProject</title>
    <test-cases>
        <test-case start="1585350257805" stop="1585350257809" status="pending">
            <name>modificationTest</name>
            <description></description>
            <failure>
                <message>Test not implemented yet</message>
                <stack-trace>There are no stack trace</stack-trace>
            </failure>
            <steps/>
            <attachments/>
            <labels>
                <label name="host" value="MacBook-Pro-Viktoria.local"/>
                <label name="thread" value="49943@MacBook-Pro-Viktoria.local.main(1)"/>
            </labels>
        </test-case>
        <test-case start="1585350247779" stop="1585350280058" status="broken">
            <name>Default Suite : FinalProject</name>
            <title>Default Suite : FinalProject</title>
            <failure>
                <message>Test suite was interrupted, some test cases may be lost</message>
            </failure>
        </test-case>
    </test-cases>
    <labels>
        <label name="framework" value="TestNG"/>
        <label name="language" value="JAVA"/>
    </labels>
</ns2:test-suite>
