<?xml version="1.0" encoding="UTF-8" standalone="yes"?>
<ns2:test-suite start="1585344243721" stop="1585344324370" version="1.5.4" xmlns:ns2="urn:model.allure.qatools.yandex.ru">
    <name>Default Suite : FinalProject</name>
    <title>Default Suite : FinalProject</title>
    <test-cases>
        <test-case start="1585344253735" stop="1585344253737" status="pending">
            <name>modificationTest</name>
            <description></description>
            <failure>
                <message>Test not implemented yet</message>
                <stack-trace>There are no stack trace</stack-trace>
            </failure>
            <steps/>
            <attachments/>
            <labels>
                <label name="host" value="MacBook-Pro-Viktoria.local"/>
                <label name="thread" value="39892@MacBook-Pro-Viktoria.local.main(1)"/>
            </labels>
        </test-case>
        <test-case start="1585344276855" stop="1585344289138" status="passed">
            <name>creatureTest</name>
            <description></description>
            <steps/>
            <attachments/>
            <labels>
                <label name="testSuite" value="Default Suite"/>
                <label name="testGroup" value="FinalProject"/>
                <label name="testClass" value="tests.FirstTest"/>
                <label name="testMethod" value="creatureTest"/>
                <label name="host" value="MacBook-Pro-Viktoria.local"/>
                <label name="thread" value="39892@MacBook-Pro-Viktoria.local.main(1)"/>
            </labels>
        </test-case>
        <test-case start="1585344299151" stop="1585344301471" status="passed">
            <name>checkFlipScreen</name>
            <description></description>
            <steps/>
            <attachments/>
            <labels>
                <label name="testSuite" value="Default Suite"/>
                <label name="testGroup" value="FinalProject"/>
                <label name="testClass" value="tests.FirstTest"/>
                <label name="testMethod" value="checkFlipScreen"/>
                <label name="host" value="MacBook-Pro-Viktoria.local"/>
                <label name="thread" value="39892@MacBook-Pro-Viktoria.local.main(1)"/>
            </labels>
        </test-case>
        <test-case start="1585344311483" stop="1585344324139" status="failed">
            <name>shareTest</name>
            <description></description>
            <failure>
                <message>AssertionError: expected [Reminder 2] but found [List 1:

x Reminder 2

List created with 1List.
https://play.google.com/store/apps/details?id=com.lolo.io.onelist]</message>
                <stack-trace>java.lang.AssertionError: expected [Reminder 2] but found [List 1:

x Reminder 2

List created with 1List.
https://play.google.com/store/apps/details?id=com.lolo.io.onelist]
	at org.testng.Assert.fail(Assert.java:97)
	at org.testng.Assert.assertEqualsImpl(Assert.java:136)
	at org.testng.Assert.assertEquals(Assert.java:118)
	at org.testng.Assert.assertEquals(Assert.java:575)
	at org.testng.Assert.assertEquals(Assert.java:585)
	at pages.MainPage.automateClipboard(MainPage.java:124)
	at pages.MainPage.findTextOfList(MainPage.java:102)
	at tests.FirstTest.shareTest(FirstTest.java:67)
	at sun.reflect.NativeMethodAccessorImpl.invoke0(Native Method)
	at sun.reflect.NativeMethodAccessorImpl.invoke(NativeMethodAccessorImpl.java:62)
	at sun.reflect.DelegatingMethodAccessorImpl.invoke(DelegatingMethodAccessorImpl.java:43)
	at java.lang.reflect.Method.invoke(Method.java:498)
	at org.testng.internal.MethodInvocationHelper.invokeMethod(MethodInvocationHelper.java:133)
	at org.testng.internal.TestInvoker.invokeMethod(TestInvoker.java:584)
	at org.testng.internal.TestInvoker.invokeTestMethod(TestInvoker.java:172)
	at org.testng.internal.MethodRunner.runInSequence(MethodRunner.java:46)
	at org.testng.internal.TestInvoker$MethodInvocationAgent.invoke(TestInvoker.java:804)
	at org.testng.internal.TestInvoker.invokeTestMethods(TestInvoker.java:145)
	at org.testng.internal.TestMethodWorker.invokeTestMethods(TestMethodWorker.java:146)
	at org.testng.internal.TestMethodWorker.run(TestMethodWorker.java:128)
	at java.util.ArrayList.forEach(ArrayList.java:1257)
	at org.testng.TestRunner.privateRun(TestRunner.java:770)
	at org.testng.TestRunner.run(TestRunner.java:591)
	at org.testng.SuiteRunner.runTest(SuiteRunner.java:402)
	at org.testng.SuiteRunner.runSequentially(SuiteRunner.java:396)
	at org.testng.SuiteRunner.privateRun(SuiteRunner.java:355)
	at org.testng.SuiteRunner.run(SuiteRunner.java:304)
	at org.testng.SuiteRunnerWorker.runSuite(SuiteRunnerWorker.java:53)
	at org.testng.SuiteRunnerWorker.run(SuiteRunnerWorker.java:96)
	at org.testng.TestNG.runSuitesSequentially(TestNG.java:1180)
	at org.testng.TestNG.runSuitesLocally(TestNG.java:1102)
	at org.testng.TestNG.runSuites(TestNG.java:1032)
	at org.testng.TestNG.run(TestNG.java:1000)
	at org.testng.IDEARemoteTestNG.run(IDEARemoteTestNG.java:73)
	at org.testng.RemoteTestNGStarter.main(RemoteTestNGStarter.java:123)
</stack-trace>
            </failure>
            <steps/>
            <attachments/>
            <labels>
                <label name="testSuite" value="Default Suite"/>
                <label name="testGroup" value="FinalProject"/>
                <label name="testClass" value="tests.FirstTest"/>
                <label name="testMethod" value="shareTest"/>
                <label name="host" value="MacBook-Pro-Viktoria.local"/>
                <label name="thread" value="39892@MacBook-Pro-Viktoria.local.main(1)"/>
            </labels>
        </test-case>
    </test-cases>
    <labels>
        <label name="framework" value="TestNG"/>
        <label name="language" value="JAVA"/>
    </labels>
</ns2:test-suite>
