<?xml version="1.0" encoding="UTF-8" standalone="yes"?>
<ns2:test-suite start="1585247469809" stop="1585247535306" version="1.5.4" xmlns:ns2="urn:model.allure.qatools.yandex.ru">
    <name>Default Suite : FinalProject</name>
    <title>Default Suite : FinalProject</title>
    <test-cases>
        <test-case start="1585247479824" stop="1585247479826" status="pending">
            <name>modificationTest</name>
            <description></description>
            <failure>
                <message>Test not implemented yet</message>
                <stack-trace>There are no stack trace</stack-trace>
            </failure>
            <steps/>
            <attachments/>
            <labels>
                <label name="host" value="MacBook-Pro-Viktoria.local"/>
                <label name="thread" value="6355@MacBook-Pro-Viktoria.local.main(1)"/>
            </labels>
        </test-case>
        <test-case start="1585247499744" stop="1585247511512" status="passed">
            <name>creatureTest</name>
            <description></description>
            <steps/>
            <attachments/>
            <labels>
                <label name="testSuite" value="Default Suite"/>
                <label name="testGroup" value="FinalProject"/>
                <label name="testClass" value="tests.FirstTest"/>
                <label name="testMethod" value="creatureTest"/>
                <label name="host" value="MacBook-Pro-Viktoria.local"/>
                <label name="thread" value="6355@MacBook-Pro-Viktoria.local.main(1)"/>
            </labels>
        </test-case>
        <test-case start="1585247521527" stop="1585247523826" status="passed">
            <name>checkFlipScreen</name>
            <description></description>
            <steps/>
            <attachments/>
            <labels>
                <label name="testSuite" value="Default Suite"/>
                <label name="testGroup" value="FinalProject"/>
                <label name="testClass" value="tests.FirstTest"/>
                <label name="testMethod" value="checkFlipScreen"/>
                <label name="host" value="MacBook-Pro-Viktoria.local"/>
                <label name="thread" value="6355@MacBook-Pro-Viktoria.local.main(1)"/>
            </labels>
        </test-case>
        <test-case start="1585247533839" stop="1585247535194" status="broken">
            <name>shareTest</name>
            <description></description>
            <failure>
                <message>NullPointerException: null</message>
                <stack-trace>java.lang.NullPointerException
	at pages.MainPage.temp(MainPage.java:147)
	at tests.FirstTest.shareTest(FirstTest.java:63)
	at sun.reflect.NativeMethodAccessorImpl.invoke0(Native Method)
	at sun.reflect.NativeMethodAccessorImpl.invoke(NativeMethodAccessorImpl.java:62)
	at sun.reflect.DelegatingMethodAccessorImpl.invoke(DelegatingMethodAccessorImpl.java:43)
	at java.lang.reflect.Method.invoke(Method.java:498)
	at org.testng.internal.MethodInvocationHelper.invokeMethod(MethodInvocationHelper.java:133)
	at org.testng.internal.TestInvoker.invokeMethod(TestInvoker.java:584)
	at org.testng.internal.TestInvoker.invokeTestMethod(TestInvoker.java:172)
	at org.testng.internal.MethodRunner.runInSequence(MethodRunner.java:46)
	at org.testng.internal.TestInvoker$MethodInvocationAgent.invoke(TestInvoker.java:804)
	at org.testng.internal.TestInvoker.invokeTestMethods(TestInvoker.java:145)
	at org.testng.internal.TestMethodWorker.invokeTestMethods(TestMethodWorker.java:146)
	at org.testng.internal.TestMethodWorker.run(TestMethodWorker.java:128)
	at java.util.ArrayList.forEach(ArrayList.java:1257)
	at org.testng.TestRunner.privateRun(TestRunner.java:770)
	at org.testng.TestRunner.run(TestRunner.java:591)
	at org.testng.SuiteRunner.runTest(SuiteRunner.java:402)
	at org.testng.SuiteRunner.runSequentially(SuiteRunner.java:396)
	at org.testng.SuiteRunner.privateRun(SuiteRunner.java:355)
	at org.testng.SuiteRunner.run(SuiteRunner.java:304)
	at org.testng.SuiteRunnerWorker.runSuite(SuiteRunnerWorker.java:53)
	at org.testng.SuiteRunnerWorker.run(SuiteRunnerWorker.java:96)
	at org.testng.TestNG.runSuitesSequentially(TestNG.java:1180)
	at org.testng.TestNG.runSuitesLocally(TestNG.java:1102)
	at org.testng.TestNG.runSuites(TestNG.java:1032)
	at org.testng.TestNG.run(TestNG.java:1000)
	at org.testng.IDEARemoteTestNG.run(IDEARemoteTestNG.java:73)
	at org.testng.RemoteTestNGStarter.main(RemoteTestNGStarter.java:123)
</stack-trace>
            </failure>
            <steps/>
            <attachments/>
            <labels>
                <label name="testSuite" value="Default Suite"/>
                <label name="testGroup" value="FinalProject"/>
                <label name="testClass" value="tests.FirstTest"/>
                <label name="testMethod" value="shareTest"/>
                <label name="host" value="MacBook-Pro-Viktoria.local"/>
                <label name="thread" value="6355@MacBook-Pro-Viktoria.local.main(1)"/>
            </labels>
        </test-case>
    </test-cases>
    <labels>
        <label name="framework" value="TestNG"/>
        <label name="language" value="JAVA"/>
    </labels>
</ns2:test-suite>
